<?xml version="1.0" encoding="UTF-8"?>
<testng-results ignored="0" total="1" passed="1" failed="0" skipped="0">
  <reporter-output>
  </reporter-output>
  <suite started-at="2022-12-18T02:53:28Z" name="Default suite" finished-at="2022-12-18T02:53:30Z" duration-ms="1936">
    <groups>
    </groups>
    <test started-at="2022-12-18T02:53:28Z" name="Default test" finished-at="2022-12-18T02:53:30Z" duration-ms="1936">
      <class name="loginTest.TC01_login">
        <test-method is-config="true" signature="startWebDriver()[pri:0, instance:loginTest.TC01_login@7048535f]" started-at="2022-12-17T23:53:28Z" name="startWebDriver" finished-at="2022-12-17T23:53:29Z" duration-ms="970" status="PASS">
          <reporter-output>
          </reporter-output>
        </test-method> <!-- startWebDriver -->
        <test-method signature="TC01()[pri:0, instance:loginTest.TC01_login@7048535f]" started-at="2022-12-17T23:53:29Z" name="TC01" finished-at="2022-12-17T23:53:30Z" duration-ms="537" status="PASS">
          <reporter-output>
          </reporter-output>
        </test-method> <!-- TC01 -->
        <test-method is-config="true" signature="closeDriver()[pri:0, instance:loginTest.TC01_login@7048535f]" started-at="2022-12-17T23:53:30Z" name="closeDriver" finished-at="2022-12-17T23:53:30Z" duration-ms="382" status="PASS">
          <reporter-output>
          </reporter-output>
        </test-method> <!-- closeDriver -->
      </class> <!-- loginTest.TC01_login -->
    </test> <!-- Default test -->
  </suite> <!-- Default suite -->
</testng-results>
